Using pre-set license
Built from '2020.3/staging' branch; Version is '2020.3.16f1 (049d6eca3c44) revision 302446'; Using compiler version '192528614'; Build Type 'Release'
OS: 'Windows 10 Home; OS build 19043.1415; Version 2009; 64bit' Language: 'en' Physical Memory: 16327 MB
BatchMode: 1, IsHumanControllingUs: 0, StartBugReporterOnCrash: 0, Is64bit: 1, IsPro: 0

 COMMAND LINE ARGUMENTS:
C:\Users\katar\OneDrive\Documents\2020.3.16f1\Editor\Unity.exe
-adb2
-batchMode
-noUpm
-name
AssetImportWorker0
-projectPath
C:/Users/katar/OneDrive/Documents/Laropaiga
-logFile
Logs/AssetImportWorker0.log
-srvPort
51141
Successfully changed project path to: C:/Users/katar/OneDrive/Documents/Laropaiga
C:/Users/katar/OneDrive/Documents/Laropaiga
Using Asset Import Pipeline V2.
Refreshing native plugins compatible for Editor in 42.68 ms, found 3 plugins.
Preloading 0 native plugins for Editor in 0.00 ms.
Initialize engine version: 2020.3.16f1 (049d6eca3c44)
[Subsystems] Discovering subsystems at path C:/Users/katar/OneDrive/Documents/2020.3.16f1/Editor/Data/Resources/UnitySubsystems
[Subsystems] Discovering subsystems at path C:/Users/katar/OneDrive/Documents/Laropaiga/Assets
GfxDevice: creating device client; threaded=0
Direct3D:
    Version:  Direct3D 11.0 [level 11.1]
    Renderer: NVIDIA GeForce GTX 1050 Ti (ID=0x1c82)
    Vendor:   
    VRAM:     4018 MB
    Driver:   30.0.14.7196
Initialize mono
Mono path[0] = 'C:/Users/katar/OneDrive/Documents/2020.3.16f1/Editor/Data/Managed'
Mono path[1] = 'C:/Users/katar/OneDrive/Documents/2020.3.16f1/Editor/Data/MonoBleedingEdge/lib/mono/unityjit'
Mono config path = 'C:/Users/katar/OneDrive/Documents/2020.3.16f1/Editor/Data/MonoBleedingEdge/etc'
Using monoOptions --debugger-agent=transport=dt_socket,embedding=1,server=y,suspend=n,address=127.0.0.1:56036
Begin MonoManager ReloadAssembly
Registering precompiled unity dll's ...
Register platform support module: C:/Users/katar/OneDrive/Documents/2020.3.16f1/Editor/Data/PlaybackEngines/WindowsStandaloneSupport/UnityEditor.WindowsStandalone.Extensions.dll
Registered in 0.001735 seconds.
Native extension for WindowsStandalone target not found
Refreshing native plugins compatible for Editor in 42.20 ms, found 3 plugins.
Preloading 0 native plugins for Editor in 0.00 ms.
Mono: successfully reloaded assembly
- Completed reload, in  0.971 seconds
Domain Reload Profiling:
	ReloadAssembly (971ms)
		BeginReloadAssembly (48ms)
			ExecutionOrderSort (0ms)
			DisableScriptedObjects (0ms)
			BackupInstance (0ms)
			ReleaseScriptingObjects (0ms)
			CreateAndSetChildDomain (1ms)
		EndReloadAssembly (387ms)
			LoadAssemblies (46ms)
			RebuildTransferFunctionScriptingTraits (0ms)
			SetupTypeCache (140ms)
			ReleaseScriptCaches (0ms)
			RebuildScriptCaches (27ms)
			SetupLoadedEditorAssemblies (155ms)
				LogAssemblyErrors (0ms)
				InitializePlatformSupportModulesInManaged (3ms)
				SetLoadedEditorAssemblies (0ms)
				RefreshPlugins (42ms)
				BeforeProcessingInitializeOnLoad (15ms)
				ProcessInitializeOnLoadAttributes (68ms)
				ProcessInitializeOnLoadMethodAttributes (25ms)
				AfterProcessingInitializeOnLoad (0ms)
				EditorAssembliesLoaded (0ms)
			ExecutionOrderSort2 (0ms)
			AwakeInstancesAfterBackupRestoration (0ms)
Platform modules already initialized, skipping
Registering precompiled user dll's ...
Registered in 0.003763 seconds.
Begin MonoManager ReloadAssembly
Native extension for WindowsStandalone target not found
Refreshing native plugins compatible for Editor in 45.32 ms, found 3 plugins.
Preloading 0 native plugins for Editor in 0.00 ms.
Mono: successfully reloaded assembly
- Completed reload, in  1.167 seconds
Domain Reload Profiling:
	ReloadAssembly (1168ms)
		BeginReloadAssembly (138ms)
			ExecutionOrderSort (0ms)
			DisableScriptedObjects (4ms)
			BackupInstance (0ms)
			ReleaseScriptingObjects (0ms)
			CreateAndSetChildDomain (19ms)
		EndReloadAssembly (955ms)
			LoadAssemblies (90ms)
			RebuildTransferFunctionScriptingTraits (0ms)
			SetupTypeCache (280ms)
			ReleaseScriptCaches (0ms)
			RebuildScriptCaches (50ms)
			SetupLoadedEditorAssemblies (423ms)
				LogAssemblyErrors (0ms)
				InitializePlatformSupportModulesInManaged (3ms)
				SetLoadedEditorAssemblies (0ms)
				RefreshPlugins (45ms)
				BeforeProcessingInitializeOnLoad (77ms)
				ProcessInitializeOnLoadAttributes (274ms)
				ProcessInitializeOnLoadMethodAttributes (15ms)
				AfterProcessingInitializeOnLoad (8ms)
				EditorAssembliesLoaded (0ms)
			ExecutionOrderSort2 (0ms)
			AwakeInstancesAfterBackupRestoration (7ms)
Platform modules already initialized, skipping
========================================================================
Worker process is ready to serve import requests
Launched and connected shader compiler UnityShaderCompiler.exe after 0.07 seconds
Refreshing native plugins compatible for Editor in 0.53 ms, found 3 plugins.
Preloading 0 native plugins for Editor in 0.00 ms.
Unloading 2293 Unused Serialized files (Serialized files now loaded: 0)
System memory in use before: 104.2 MB.
System memory in use after: 104.4 MB.

Unloading 29 unused Assets to reduce memory usage. Loaded Objects now: 2733.
Total: 3.878600 ms (FindLiveObjects: 0.345800 ms CreateObjectMapping: 0.180600 ms MarkObjects: 3.273400 ms  DeleteObjects: 0.077700 ms)

AssetImportParameters requested are different than current active one (requested -> active):
  custom:framework-win-MediaFoundation: 216162199b28c13a410421893ffa2e32 -> 
  custom:video-decoder-ogg-theora: a1e56fd34408186e4bbccfd4996cb3dc -> 
  custom:container-muxer-webm: aa71ff27fc2769a1b78a27578f13a17b -> 
  custom:container-demuxer-webm: 4f35f7cbe854078d1ac9338744f61a02 -> 
  custom:container-demuxer-ogg: 62fdf1f143b41e24485cea50d1cbac27 -> 
  custom:video-encoder-webm-vp8: eb34c28f22e8b96e1ab97ce403110664 -> 
  custom:video-decoder-webm-vp8: 9c59270c3fd7afecdb556c50c9e8de78 -> 
  custom:audio-decoder-ogg-vorbis: bf7c407c2cedff20999df2af8eb42d56 -> 
  custom:audio-encoder-webm-vorbis: bf7c407c2cedff20999df2af8eb42d56 -> 
========================================================================
Received Import Request.
  path: Assets/Environment/UI/MenuUI/DictionaryCanvas.prefab
  artifactKey: Guid(2fcb63d81c851074c9519d1a7b8188c2) Importer(815301076,1909f56bfc062723c751e8b465ee728b)
Start importing Assets/Environment/UI/MenuUI/DictionaryCanvas.prefab using Guid(2fcb63d81c851074c9519d1a7b8188c2) Importer(815301076,1909f56bfc062723c751e8b465ee728b)  -> (artifact id: '73b22ba4233c29f4004870ebca6a89d3') in 0.094120 seconds 
  Import took 0.099058 seconds .

========================================================================
Received Import Request.
  Time since last request: 30.661176 seconds.
  path: Assets/Environment/UI/MenuUI/DictionaryCanvas.prefab
  artifactKey: Guid(2fcb63d81c851074c9519d1a7b8188c2) Importer(815301076,1909f56bfc062723c751e8b465ee728b)
Start importing Assets/Environment/UI/MenuUI/DictionaryCanvas.prefab using Guid(2fcb63d81c851074c9519d1a7b8188c2) Importer(815301076,1909f56bfc062723c751e8b465ee728b)  -> (artifact id: '2a41b8542cb9dbc22f38d20d46343474') in 0.018459 seconds 
  Import took 0.023349 seconds .

========================================================================
Received Import Request.
  Time since last request: 0.768682 seconds.
  path: Assets/Environment/UI/MenuUI/DictionaryCanvas.prefab
  artifactKey: Guid(2fcb63d81c851074c9519d1a7b8188c2) Importer(815301076,1909f56bfc062723c751e8b465ee728b)
Start importing Assets/Environment/UI/MenuUI/DictionaryCanvas.prefab using Guid(2fcb63d81c851074c9519d1a7b8188c2) Importer(815301076,1909f56bfc062723c751e8b465ee728b)  -> (artifact id: '126a25fdb3ce6a198775c697a767e650') in 0.017227 seconds 
  Import took 0.022383 seconds .

========================================================================
Received Import Request.
  Time since last request: 45.001095 seconds.
  path: Assets/Environment/UI/MenuUI/DictionaryCanvas.prefab
  artifactKey: Guid(2fcb63d81c851074c9519d1a7b8188c2) Importer(815301076,1909f56bfc062723c751e8b465ee728b)
Start importing Assets/Environment/UI/MenuUI/DictionaryCanvas.prefab using Guid(2fcb63d81c851074c9519d1a7b8188c2) Importer(815301076,1909f56bfc062723c751e8b465ee728b)  -> (artifact id: '88c7fe980e691259f9575919c11ca925') in 0.017645 seconds 
  Import took 0.022564 seconds .

========================================================================
Received Import Request.
  Time since last request: 3.805354 seconds.
  path: Assets/Environment/UI/MenuUI/DictionaryCanvas.prefab
  artifactKey: Guid(2fcb63d81c851074c9519d1a7b8188c2) Importer(815301076,1909f56bfc062723c751e8b465ee728b)
Start importing Assets/Environment/UI/MenuUI/DictionaryCanvas.prefab using Guid(2fcb63d81c851074c9519d1a7b8188c2) Importer(815301076,1909f56bfc062723c751e8b465ee728b)  -> (artifact id: 'b24d05dfa5268c8fb84d1b26efce4e8f') in 0.017233 seconds 
  Import took 0.022137 seconds .

========================================================================
Received Import Request.
  Time since last request: 1.991279 seconds.
  path: Assets/Environment/UI/MenuUI/DictionaryCanvas.prefab
  artifactKey: Guid(2fcb63d81c851074c9519d1a7b8188c2) Importer(815301076,1909f56bfc062723c751e8b465ee728b)
Start importing Assets/Environment/UI/MenuUI/DictionaryCanvas.prefab using Guid(2fcb63d81c851074c9519d1a7b8188c2) Importer(815301076,1909f56bfc062723c751e8b465ee728b)  -> (artifact id: '7da2a1e727f376322d1ba963b1684451') in 0.016268 seconds 
  Import took 0.021683 seconds .

========================================================================
Received Import Request.
  Time since last request: 26.171850 seconds.
  path: Assets/Environment/UI/MenuUI/MenuCanvas.prefab
  artifactKey: Guid(2fcb63d81c851074c9519d1a7b8188c2) Importer(815301076,1909f56bfc062723c751e8b465ee728b)
Start importing Assets/Environment/UI/MenuUI/MenuCanvas.prefab using Guid(2fcb63d81c851074c9519d1a7b8188c2) Importer(815301076,1909f56bfc062723c751e8b465ee728b)  -> (artifact id: '4c63737bad7a680f553330a59c01e062') in 0.026025 seconds 
  Import took 0.031197 seconds .

========================================================================
Received Prepare
Registering precompiled user dll's ...
Registered in 0.003692 seconds.
Begin MonoManager ReloadAssembly
Native extension for WindowsStandalone target not found
Refreshing native plugins compatible for Editor in 0.58 ms, found 3 plugins.
Preloading 0 native plugins for Editor in 0.00 ms.
Mono: successfully reloaded assembly
- Completed reload, in  1.047 seconds
Domain Reload Profiling:
	ReloadAssembly (1047ms)
		BeginReloadAssembly (125ms)
			ExecutionOrderSort (0ms)
			DisableScriptedObjects (6ms)
			BackupInstance (0ms)
			ReleaseScriptingObjects (0ms)
			CreateAndSetChildDomain (39ms)
		EndReloadAssembly (862ms)
			LoadAssemblies (84ms)
			RebuildTransferFunctionScriptingTraits (0ms)
			SetupTypeCache (282ms)
			ReleaseScriptCaches (1ms)
			RebuildScriptCaches (40ms)
			SetupLoadedEditorAssemblies (357ms)
				LogAssemblyErrors (0ms)
				InitializePlatformSupportModulesInManaged (5ms)
				SetLoadedEditorAssemblies (0ms)
				RefreshPlugins (1ms)
				BeforeProcessingInitializeOnLoad (81ms)
				ProcessInitializeOnLoadAttributes (259ms)
				ProcessInitializeOnLoadMethodAttributes (5ms)
				AfterProcessingInitializeOnLoad (6ms)
				EditorAssembliesLoaded (0ms)
			ExecutionOrderSort2 (0ms)
			AwakeInstancesAfterBackupRestoration (9ms)
Platform modules already initialized, skipping
Refreshing native plugins compatible for Editor in 0.53 ms, found 3 plugins.
Preloading 0 native plugins for Editor in 0.00 ms.
Unloading 2268 Unused Serialized files (Serialized files now loaded: 0)
System memory in use before: 102.4 MB.
System memory in use after: 102.7 MB.

Unloading 19 unused Assets to reduce memory usage. Loaded Objects now: 2738.
Total: 3.560300 ms (FindLiveObjects: 0.244500 ms CreateObjectMapping: 0.211600 ms MarkObjects: 3.048700 ms  DeleteObjects: 0.054800 ms)

AssetImportParameters requested are different than current active one (requested -> active):
  custom:framework-win-MediaFoundation: 216162199b28c13a410421893ffa2e32 -> 
  custom:video-decoder-ogg-theora: a1e56fd34408186e4bbccfd4996cb3dc -> 
  custom:container-muxer-webm: aa71ff27fc2769a1b78a27578f13a17b -> 
  custom:container-demuxer-webm: 4f35f7cbe854078d1ac9338744f61a02 -> 
  custom:container-demuxer-ogg: 62fdf1f143b41e24485cea50d1cbac27 -> 
  custom:video-encoder-webm-vp8: eb34c28f22e8b96e1ab97ce403110664 -> 
  custom:video-decoder-webm-vp8: 9c59270c3fd7afecdb556c50c9e8de78 -> 
  custom:audio-decoder-ogg-vorbis: bf7c407c2cedff20999df2af8eb42d56 -> 
  custom:audio-encoder-webm-vorbis: bf7c407c2cedff20999df2af8eb42d56 -> 
AssetImportWorkerClient::OnTransportError - code=2 error=End of file
